#
# A fatal error has been detected by the Java Runtime Environment:
#
#  SIGSEGV (0xb) at pc=0x00007efe547c3393, pid=28266, tid=49121
#
# JRE version: OpenJDK Runtime Environment (16.0.2+7) (build 16.0.2+7-67)
# Java VM: OpenJDK 64-Bit Server VM (16.0.2+7-67, mixed mode, tiered, compressed oops, compressed class ptrs, g1 gc, linux-amd64)
# Problematic frame:
# C  [libjimage.so+0x4393]  ImageStrings::find(Endian*, char const*, int*, unsigned int)+0x63
#
# Core dump will be written. Default location: Core dumps may be processed with "/usr/share/apport/apport %p %s %c %d %P %E" (or dumping to /home/klinux/Documents/NDB Project/NDB Auction/Development/auction/core.28266)
#
# If you would like to submit a bug report, please visit:
#   https://bugreport.java.com/bugreport/crash.jsp
#

---------------  S U M M A R Y ------------

Command Line: -XX:+ShowCodeDetailsInExceptionMessages -agentlib:jdwp=transport=dt_socket,suspend=y,address=localhost:44169 -Dcom.sun.management.jmxremote -Dcom.sun.management.jmxremote.port=35411 -Dcom.sun.management.jmxremote.authenticate=false -Dcom.sun.management.jmxremote.ssl=false -Djava.rmi.server.hostname=localhost -Dspring.jmx.enabled=true -Dspring.application.admin.enabled=true -Djava.security.egd=file:/dev/./urandom -XX:TieredStopAtLevel=1 -Dspring.boot.project.name=auction -javaagent:/home/klinux/Development Tools/spring-tool-suite-4-4.12.0.RELEASE-e4.21.0-linux.gtk.x86_64/sts-4.12.0.RELEASE/configuration/org.eclipse.osgi/254/0/.cp/lib/javaagent-shaded.jar -Dfile.encoding=UTF-8 com.ndb.auction.AuctionApplication --spring.output.ansi.enabled=always

Host: Intel(R) Core(TM) i7-3770 CPU @ 3.40GHz, 4 cores, 7G, Ubuntu 20.04.2 LTS
Time: Fri Oct 29 14:32:12 2021 MSK elapsed time: 5961.593524 seconds (0d 1h 39m 21s)

---------------  T H R E A D  ---------------

Current thread (0x00007efdd00033d0):  JavaThread "RMI TCP Connection(116)-127.0.0.1" daemon [_thread_in_vm, id=49121, stack(0x00007efde37f6000,0x00007efde38f7000)]

Stack: [0x00007efde37f6000,0x00007efde38f7000],  sp=0x00007efde38edf00,  free space=991k
Native frames: (J=compiled Java code, A=aot compiled Java code, j=interpreted, Vv=VM code, C=native code)
C  [libjimage.so+0x4393]  ImageStrings::find(Endian*, char const*, int*, unsigned int)+0x63
C  [libjimage.so+0x50de]  ImageFileReader::find_location_index(char const*, unsigned long long*) const+0x3e
C  [libjimage.so+0x55bc]  JIMAGE_FindResource+0xfc
V  [libjvm.so+0x55e431]